== Onboarding Log started at 2025-08-27 09:00:39 ==
2025-08-27 09:02:14 [INFO] Auto-seeded InstallPath → C:\Users\advadmin\Desktop\NinjaOne-Agent-TimothyTRyanDDSAssociatesSC-MainOffice-Auto.msi
2025-08-27 09:02:16 [INFO] Onboarding initiated
2025-08-27 09:02:16 [INFO] No domain specified; skipping domain join.
2025-08-27 09:02:16 [INFO] Beginning agent installation
2025-08-27 09:02:16 [INFO] Launching Agent installer: /i "C:\Users\advadmin\Desktop\NinjaOne-Agent-TimothyTRyanDDSAssociatesSC-MainOffice-Auto.msi" /qn /norestart
2025-08-27 09:02:18 [INFO] Agent MSI installed.
2025-08-27 09:02:18 [INFO] Stopping Agent service…
2025-08-27 09:02:18 [INFO] SERVICE_NAME: NinjaRMMAgent 
2025-08-27 09:02:18 [INFO]         TYPE               : 10  WIN32_OWN_PROCESS  
2025-08-27 09:02:18 [INFO] Agent service stopped. It will start on next reboot.
2025-08-27 09:02:18 [INFO] Installing Chrome
2025-08-27 09:02:27 [INFO] Downloading Chrome MSI to C:\Users\advadmin\AppData\Local\Temp\.net\WS.Setup.UI\hNWfTm79rpxvEoKXzE_kld05U1Muvwo=\ChromeStandalone.msi…
2025-08-27 09:03:10 [INFO] Chrome MSI download complete.
2025-08-27 09:03:10 [INFO] Launching Chrome installer…
2025-08-27 09:03:21 [INFO] Chrome MSI exited with code 0
2025-08-27 09:03:21 [INFO] Installing Adobe Reader
2025-08-27 09:03:21 [INFO] Fetching Adobe Reader release info…
2025-08-27 09:03:22 [INFO] Installer will live at: C:\Users\advadmin\AppData\Local\Temp\.net\WS.Setup.UI\hNWfTm79rpxvEoKXzE_kld05U1Muvwo=\Assets\AcroRdrInstaller.exe
2025-08-27 09:03:22 [INFO] Downloading AcroRdrInstaller.exe from GitHub…
2025-08-27 09:04:14 [INFO] Download complete.
2025-08-27 09:04:14 [INFO] Launching Adobe Reader installer…
2025-08-27 09:05:21 [INFO] Installer exited with code 0
2025-08-27 09:05:21 [INFO] Adobe Reader installation complete.
2025-08-27 09:05:21 [SUMMARY] Proceed to apply Baseline Tab.
2025-08-27 09:05:27 [INFO] Installing dependencies
2025-08-27 09:05:27 [INFO] Checking PowerShell 7…
2025-08-27 09:05:27 [INFO] PS7 not found. Installing…
2025-08-27 09:05:27 [INFO] Fetching PowerShell 7 release info…
2025-08-27 09:05:27 [INFO] Downloading PowerShell 7 MSI to C:\Users\advadmin\AppData\Local\Temp\.net\WS.Setup.UI\hNWfTm79rpxvEoKXzE_kld05U1Muvwo=\PowerShell-7.5.2-win-x64.msi…
2025-08-27 09:05:39 [INFO] PowerShell 7 MSI download complete.
2025-08-27 09:05:39 [INFO] Launching PowerShell 7 installer…
2025-08-27 09:05:48 [INFO] PowerShell 7 installer exited with code 0. See log at C:\Users\advadmin\AppData\Local\Temp\.net\WS.Setup.UI\hNWfTm79rpxvEoKXzE_kld05U1Muvwo=\PowerShell7_install.log
2025-08-27 09:05:48 [INFO] Setting network profiles to Private…
2025-08-27 09:05:49 [INFO] Enabling PS Remoting…
2025-08-27 09:05:55 [INFO] Installing DSC v3
2025-08-27 09:05:55 [INFO] Fetching latest DSC v3 release…
2025-08-27 09:05:56 [INFO] Starting download of DSC3 to C:\Users\advadmin\AppData\Local\Temp\.net\WS.Setup.UI\hNWfTm79rpxvEoKXzE_kld05U1Muvwo=\dsc3.zip…
2025-08-27 09:05:57 [INFO] Download complete.
2025-08-27 09:05:57 [INFO] Extracting DSC…
2025-08-27 09:06:02 [INFO] Adding DSC3 to machine PATH…
2025-08-27 09:06:02 [INFO] DSC3 installation complete.
2025-08-27 09:06:02 [INFO] Decrypting baseline configuration
2025-08-27 09:06:02 [INFO] Decrypted configuration to C:\Users\advadmin\AppData\Local\Temp\.net\WS.Setup.UI\hNWfTm79rpxvEoKXzE_kld05U1Muvwo=\WSConfig.yml
2025-08-27 09:06:02 [INFO] Applying baseline via DSC
2025-08-27 09:06:02 [INFO] Configuring baseline via DSC
2025-08-27 09:07:46 [DEBUG] {"metadata":{"Microsoft.DSC":{"version":"3.1.0","operation":"set","executionType":"actual","startDatetime":"2025-08-27T09:06:02.887769300-07:00","endDatetime":"2025-08-27T09:07:46.287049300-07:00","duration":"PT103.39928S","securityContext":"elevated"}},"results":[{"metadata":{"Microsoft.DSC":{"duration":"PT18.8524669S"}},"name":"SetAdvantagePowerPlan","type":"Microsoft.Windows/WindowsPowerShell","result":{"beforeState":{"resources":[{"name":"SetAdvantagePowerPlan","type":"PSDesiredStateConfiguration/Script","properties":{"GetScript":null,"PSComputerName":"localhost","TestScript":null,"ResourceId":null,"PsDscRunAsCredential":null,"Credential":null,"SetScript":null,"ConfigurationName":null,"DependsOn":null,"SourceInfo":null,"ModuleVersion":"1.1","ModuleName":"PSDesiredStateConfiguration","Result":"Not necessary"}}]},"afterState":{"result":[{"name":"SetAdvantagePowerPlan","type":"PSDesiredStateConfiguration/Script","properties":{"GetScript":null,"PSComputerName":"localhost","TestScript":null,"ResourceId":null,"PsDscRunAsCredential":null,"Credential":null,"SetScript":null,"ConfigurationName":null,"DependsOn":null,"SourceInfo":null,"ModuleVersion":"1.1","ModuleName":"PSDesiredStateConfiguration","Result":"Not necessary"}}]},"changedProperties":["result"]}},{"metadata":{"Microsoft.DSC":{"duration":"PT9.3416265S"}},"name":"DisablePowerManagementOnUSBHubs","type":"Microsoft.Windows/WindowsPowerShell","result":{"beforeState":{"resources":[{"name":"DisablePowerManagementOnUSBHubs","type":"PSDesiredStateConfiguration/Script","properties":{"GetScript":null,"PSComputerName":"localhost","TestScript":null,"ResourceId":null,"PsDscRunAsCredential":null,"Credential":null,"SetScript":null,"ConfigurationName":null,"DependsOn":null,"SourceInfo":null,"ModuleVersion":"1.1","ModuleName":"PSDesiredStateConfiguration","Result":"Not necessary"}}]},"afterState":{"result":[{"name":"DisablePowerManagementOnUSBHubs","type":"PSDesiredStateConfiguration/Script","properties":{"GetScript":null,"PSComputerName":"localhost","TestScript":null,"ResourceId":null,"PsDscRunAsCredential":null,"Credential":null,"SetScript":null,"ConfigurationName":null,"DependsOn":null,"SourceInfo":null,"ModuleVersion":"1.1","ModuleName":"PSDesiredStateConfiguration","Result":"Not necessary"}}]},"changedProperties":["result"]}},{"metadata":{"Microsoft.DSC":{"duration":"PT9.3128216S"}},"name":"DisableUSBxHCI","type":"Microsoft.Windows/WindowsPowerShell","result":{"beforeState":{"resources":[{"name":"DisableUSBxHCI","type":"PSDesiredStateConfiguration/Script","properties":{"GetScript":null,"PSComputerName":"localhost","TestScript":null,"ResourceId":null,"PsDscRunAsCredential":null,"Credential":null,"SetScript":null,"ConfigurationName":null,"DependsOn":null,"SourceInfo":null,"ModuleVersion":"1.1","ModuleName":"PSDesiredStateConfiguration","Result":"Not necessary"}}]},"afterState":{"result":[{"name":"DisableUSBxHCI","type":"PSDesiredStateConfiguration/Script","properties":{"GetScript":null,"PSComputerName":"localhost","TestScript":null,"ResourceId":null,"PsDscRunAsCredential":null,"Credential":null,"SetScript":null,"ConfigurationName":null,"DependsOn":null,"SourceInfo":null,"ModuleVersion":"1.1","ModuleName":"PSDesiredStateConfiguration","Result":"Not necessary"}}]},"changedProperties":["result"]}},{"metadata":{"Microsoft.DSC":{"duration":"PT9.8980587S"}},"name":"SetPowerSettings","type":"Microsoft.Windows/WindowsPowerShell","result":{"beforeState":{"resources":[{"name":"SetPowerSettings","type":"PsDesiredStateConfiguration/Script","properties":{"GetScript":null,"PSComputerName":"localhost","TestScript":null,"ResourceId":null,"PsDscRunAsCredential":null,"Credential":null,"SetScript":null,"ConfigurationName":null,"DependsOn":null,"SourceInfo":null,"ModuleVersion":"1.1","ModuleName":"PSDesiredStateConfiguration","Result":"Not necessary"}}]},"afterState":{"result":[{"name":"SetPowerSettings","type":"PsDesiredStateConfiguration/Script","properties":{"GetScript":null,"PSComputerName":"localhost","TestScript":null,"ResourceId":null,"PsDscRunAsCredential":null,"Credential":null,"SetScript":null,"ConfigurationName":null,"DependsOn":null,"SourceInfo":null,"ModuleVersion":"1.1","ModuleName":"PSDesiredStateConfiguration","Result":"Not necessary"}}]},"changedProperties":["result"]}},{"metadata":{"Microsoft.DSC":{"duration":"PT11.0426461S"}},"name":"DisableEEE","type":"Microsoft.Windows/WindowsPowerShell","result":{"beforeState":{"resources":[{"name":"DisableEEE","type":"PSDesiredStateConfiguration/Script","properties":{"GetScript":null,"PSComputerName":"localhost","TestScript":null,"ResourceId":null,"PsDscRunAsCredential":null,"Credential":null,"SetScript":null,"ConfigurationName":null,"DependsOn":null,"SourceInfo":null,"ModuleVersion":"1.1","ModuleName":"PSDesiredStateConfiguration","Result":"Not necessary"}}]},"afterState":{"result":[{"name":"DisableEEE","type":"PSDesiredStateConfiguration/Script","properties":{"GetScript":null,"PSComputerName":"localhost","TestScript":null,"ResourceId":null,"PsDscRunAsCredential":null,"Credential":null,"SetScript":null,"ConfigurationName":null,"DependsOn":null,"SourceInfo":null,"ModuleVersion":"1.1","ModuleName":"PSDesiredStateConfiguration","Result":"Not necessary"}}]},"changedProperties":["result"]}},{"metadata":{"Microsoft.DSC":{"duration":"PT3.4467399S"}},"name":"ManageBitLockerProtection","type":"Microsoft.Windows/WindowsPowerShell","result":{"beforeState":{"resources":[{"name":"ManageBitLockerProtection","type":"PSDesiredStateConfiguration/Script","properties":{"GetScript":"@{ Result = \"Not necessary\" }\n","TestScript":"$DriveLetter = $env:SystemDrive\n$bitlockerOutput = & manage-bde -status $DriveLetter | Out-String\nif ($bitlockerOutput -match \"Protection\\s+On\") {\n    return $false\n  }\n  else {\n    return $true\n  }\n","SetScript":"$DriveLetter = $env:SystemDrive\nSuspend-BitLocker -MountPoint $DriveLetter -RebootCount 1 -ErrorAction SilentlyContinue\n"}}],"metadata":{"Microsoft.DSC":{"context":"configuration"}}},"afterState":{"_inDesiredState":true,"result":[{"name":"ManageBitLockerProtection","type":"PSDesiredStateConfiguration/Script","properties":{"InDesiredState":true}}]},"changedProperties":null}},{"metadata":{"Microsoft.DSC":{"duration":"PT9.4466746S"}},"name":"DisableCoalescing","type":"Microsoft.Windows/WindowsPowerShell","result":{"beforeState":{"resources":[{"name":"DisableCoalescing","type":"PSDesiredStateConfiguration/Script","properties":{"GetScript":null,"PSComputerName":"localhost","TestScript":null,"ResourceId":null,"PsDscRunAsCredential":null,"Credential":null,"SetScript":null,"ConfigurationName":null,"DependsOn":null,"SourceInfo":null,"ModuleVersion":"1.1","ModuleName":"PSDesiredStateConfiguration","Result":"Not necessary"}}]},"afterState":{"result":[{"name":"DisableCoalescing","type":"PSDesiredStateConfiguration/Script","properties":{"GetScript":null,"PSComputerName":"localhost","TestScript":null,"ResourceId":null,"PsDscRunAsCredential":null,"Credential":null,"SetScript":null,"ConfigurationName":null,"DependsOn":null,"SourceInfo":null,"ModuleVersion":"1.1","ModuleName":"PSDesiredStateConfiguration","Result":"Not necessary"}}]},"changedProperties":["result"]}},{"metadata":{"Microsoft.DSC":{"duration":"PT9.4269668S"}},"name":"ManageBITSService","type":"Microsoft.Windows/WindowsPowerShell","result":{"beforeState":{"resources":[{"name":"ManageBITSService","type":"PSDesiredStateConfiguration/Script","properties":{"GetScript":null,"PSComputerName":"localhost","TestScript":null,"ResourceId":null,"PsDscRunAsCredential":null,"Credential":null,"SetScript":null,"ConfigurationName":null,"DependsOn":null,"SourceInfo":null,"ModuleVersion":"1.1","ModuleName":"PSDesiredStateConfiguration","Result":"Not necessary"}}]},"afterState":{"result":[{"name":"ManageBITSService","type":"PSDesiredStateConfiguration/Script","properties":{"GetScript":null,"PSComputerName":"localhost","TestScript":null,"ResourceId":null,"PsDscRunAsCredential":null,"Credential":null,"SetScript":null,"ConfigurationName":null,"DependsOn":null,"SourceInfo":null,"ModuleVersion":"1.1","ModuleName":"PSDesiredStateConfiguration","Result":"Not necessary"}}]},"changedProperties":["result"]}},{"metadata":{"Microsoft.DSC":{"duration":"PT3.4853006S"}},"name":"RemoteRegistryService","type":"Microsoft.Windows/WindowsPowerShell","result":{"beforeState":{"resources":[{"name":"RemoteRegistryService","type":"PSDesiredStateConfiguration/Script","properties":{"GetScript":"@{ Result = \"Not necessary\" }\n","TestScript":"$service = Get-Service -Name \"RemoteRegistry\" -ErrorAction SilentlyContinue\n  if ($service -and $service.Status -eq \"Stopped\" -and ((Get-Service -Name \"RemoteRegistry\").StartType -eq \"Disabled\")) {\n      return $true\n  } else {\n      return $false\n  }\n","SetScript":"Stop-Service -Name \"RemoteRegistry\" -StartupType Disabled\nSet-Service -Name \"RemoteRegistry\" -StartupType Disabled\n"}}],"metadata":{"Microsoft.DSC":{"context":"configuration"}}},"afterState":{"_inDesiredState":true,"result":[{"name":"RemoteRegistryService","type":"PSDesiredStateConfiguration/Script","properties":{"InDesiredState":true}}]},"changedProperties":null}},{"metadata":{"Microsoft.DSC":{"duration":"PT9.5631077S"}},"name":"DisableNotificationsService","type":"Microsoft.Windows/WindowsPowerShell","result":{"beforeState":{"resources":[{"name":"DisableNotificationsService","type":"PSDesiredStateConfiguration/Script","properties":{"GetScript":null,"PSComputerName":"localhost","TestScript":null,"ResourceId":null,"PsDscRunAsCredential":null,"Credential":null,"SetScript":null,"ConfigurationName":null,"DependsOn":null,"SourceInfo":null,"ModuleVersion":"1.1","ModuleName":"PSDesiredStateConfiguration","Result":"Not necessary"}}]},"afterState":{"result":[{"name":"DisableNotificationsService","type":"PSDesiredStateConfiguration/Script","properties":{"GetScript":null,"PSComputerName":"localhost","TestScript":null,"ResourceId":null,"PsDscRunAsCredential":null,"Credential":null,"SetScript":null,"ConfigurationName":null,"DependsOn":null,"SourceInfo":null,"ModuleVersion":"1.1","ModuleName":"PSDesiredStateConfiguration","Result":"Not necessary"}}]},"changedProperties":["result"]}},{"metadata":{"Microsoft.DSC":{"duration":"PT3.4795951S"}},"name":"SysMainService","type":"Microsoft.Windows/WindowsPowerShell","result":{"beforeState":{"resources":[{"name":"SysMainService","type":"PSDesiredStateConfiguration/Script","properties":{"GetScript":"@{ Result = \"Not necessary\" }\n","TestScript":"$service = Get-Service -Name \"SysMain\" -ErrorAction SilentlyContinue\n  if (-not $service -or ($service.Status -eq \"Running\" -and $service.StartType -eq \"Automatic\")) {\n      return $true\n  } else {\n      return $false\n  }\n","SetScript":"Start-Service -Name \"SysMain\"\nSet-Service -Name \"SysMain\" -StartupType Automatic\n"}}],"metadata":{"Microsoft.DSC":{"context":"configuration"}}},"afterState":{"_inDesiredState":true,"result":[{"name":"SysMainService","type":"PSDesiredStateConfiguration/Script","properties":{"InDesiredState":true}}]},"changedProperties":null}},{"metadata":{"Microsoft.DSC":{"duration":"PT0.1237941S"}},"name":"ConfigureFirewall","type":"Microsoft.Windows/Registry","result":{"beforeState":{"keyPath":"HKLM\\SYSTEM\\CurrentControlSet\\Services\\SharedAccess\\Parameters\\FirewallPolicy\\StandardProfile","valueName":"EnableFirewall","valueData":{"DWord":1}},"afterState":{"keyPath":"HKLM\\SYSTEM\\CurrentControlSet\\Services\\SharedAccess\\Parameters\\FirewallPolicy\\StandardProfile","valueName":"EnableFirewall","valueData":{"DWord":0}},"changedProperties":["valueData"]}},{"metadata":{"Microsoft.DSC":{"duration":"PT0.059072S"}},"name":"PublicFirewall","type":"Microsoft.Windows/Registry","result":{"beforeState":{"keyPath":"HKLM\\SYSTEM\\CurrentControlSet\\Services\\SharedAccess\\Parameters\\FirewallPolicy\\PublicProfile","valueName":"EnableFirewall","valueData":{"DWord":1}},"afterState":{"keyPath":"HKLM\\SYSTEM\\CurrentControlSet\\Services\\SharedAccess\\Parameters\\FirewallPolicy\\PublicProfile","valueName":"EnableFirewall","valueData":{"DWord":0}},"changedProperties":["valueData"]}},{"metadata":{"Microsoft.DSC":{"duration":"PT0.0563492S"}},"name":"DomainFirewall","type":"Microsoft.Windows/Registry","result":{"beforeState":{"keyPath":"HKLM\\SYSTEM\\CurrentControlSet\\Services\\SharedAccess\\Parameters\\FirewallPolicy\\DomainProfile","valueName":"EnableFirewall","valueData":{"DWord":1}},"afterState":{"keyPath":"HKLM\\SYSTEM\\CurrentControlSet\\Services\\SharedAccess\\Parameters\\FirewallPolicy\\DomainProfile","valueName":"EnableFirewall","valueData":{"DWord":0}},"changedProperties":["valueData"]}},{"metadata":{"Microsoft.DSC":{"duration":"PT0.0582138S"}},"name":"CortanaConfiguration","type":"Microsoft.Windows/Registry","result":{"beforeState":{"keyPath":"HKLM\\Software\\Policies\\Microsoft\\Windows\\Windows Search","_exist":false},"afterState":{"keyPath":"HKLM\\Software\\Policies\\Microsoft\\Windows\\Windows Search","valueName":"AllowCortana","valueData":{"DWord":0}},"changedProperties":["valueName","valueData","_exist"]}},{"metadata":{"Microsoft.DSC":{"duration":"PT0.0565138S"}},"name":"DisableLLMNR","type":"Microsoft.Windows/Registry","result":{"beforeState":{"keyPath":"HKLM\\Software\\Policies\\Microsoft\\Windows NT\\DNSClient","_exist":false},"afterState":{"keyPath":"HKLM\\Software\\Policies\\Microsoft\\Windows NT\\DNSClient","valueName":"EnableMulticast","valueData":{"DWord":0}},"changedProperties":["valueName","valueData","_exist"]}},{"metadata":{"Microsoft.DSC":{"duration":"PT0.056521S"}},"name":"DisableFastBoot","type":"Microsoft.Windows/Registry","result":{"beforeState":{"keyPath":"HKLM\\SYSTEM\\CurrentControlSet\\Control\\Session Manager\\Power","valueName":"HiberbootEnabled","valueData":{"DWord":1}},"afterState":{"keyPath":"HKLM\\SYSTEM\\CurrentControlSet\\Control\\Session Manager\\Power","valueName":"HiberbootEnabled","valueData":{"DWord":0}},"changedProperties":["valueData"]}},{"metadata":{"Microsoft.DSC":{"duration":"PT0.0568114S"}},"name":"AutoManagePrintersSetting","type":"Microsoft.Windows/Registry","result":{"beforeState":{"keyPath":"HKCU\\Software\\Microsoft\\Windows NT\\CurrentVersion\\Windows","valueName":"LegacyDefaultPrinterMode","valueData":{"DWord":4294967295}},"afterState":{"keyPath":"HKCU\\Software\\Microsoft\\Windows NT\\CurrentVersion\\Windows","valueName":"LegacyDefaultPrinterMode","valueData":{"DWord":0}},"changedProperties":["valueData"]}},{"metadata":{"Microsoft.DSC":{"duration":"PT0.024595S"}},"name":"AdvertisingIDSetting","type":"Microsoft.Windows/Registry","result":{"beforeState":{"keyPath":"HKCU\\Software\\Microsoft\\Windows\\CurrentVersion\\AdvertisingInfo","valueName":"Enabled","valueData":{"DWord":0}},"afterState":{"keyPath":"HKCU\\Software\\Microsoft\\Windows\\CurrentVersion\\AdvertisingInfo","valueName":"Enabled","valueData":{"DWord":0}},"changedProperties":null}},{"metadata":{"Microsoft.DSC":{"duration":"PT0.0570299S"}},"name":"TelemetrySetting","type":"Microsoft.Windows/Registry","result":{"beforeState":{"keyPath":"HKLM\\Software\\Policies\\Microsoft\\Windows\\Data Collection","_exist":false},"afterState":{"keyPath":"HKLM\\Software\\Policies\\Microsoft\\Windows\\Data Collection","valueName":"AllowTelemetry","valueData":{"DWord":0}},"changedProperties":["valueName","valueData","_exist"]}},{"metadata":{"Microsoft.DSC":{"duration":"PT0.0244211S"}},"name":"UacEnable","type":"Microsoft.Windows/Registry","result":{"beforeState":{"keyPath":"HKLM\\SOFTWARE\\Microsoft\\Windows\\CurrentVersion\\Policies\\System","valueName":"EnableLUA","valueData":{"DWord":1}},"afterState":{"keyPath":"HKLM\\SOFTWARE\\Microsoft\\Windows\\CurrentVersion\\Policies\\System","valueName":"EnableLUA","valueData":{"DWord":1}},"changedProperties":null}},{"metadata":{"Microsoft.DSC":{"duration":"PT0.0577002S"}},"name":"AdminSilentElevation","type":"Microsoft.Windows/Registry","result":{"beforeState":{"keyPath":"HKLM\\SOFTWARE\\Microsoft\\Windows\\CurrentVersion\\Policies\\System","valueName":"ConsentPromptBehaviorAdmin","valueData":{"DWord":5}},"afterState":{"keyPath":"HKLM\\SOFTWARE\\Microsoft\\Windows\\CurrentVersion\\Policies\\System","valueName":"ConsentPromptBehaviorAdmin","valueData":{"DWord":0}},"changedProperties":["valueData"]}},{"metadata":{"Microsoft.DSC":{"duration":"PT0.0248613S"}},"name":"StandardUserPrompt","type":"Microsoft.Windows/Registry","result":{"beforeState":{"keyPath":"HKLM\\SOFTWARE\\Microsoft\\Windows\\CurrentVersion\\Policies\\System","valueName":"ConsentPromptBehaviorUser","valueData":{"DWord":3}},"afterState":{"keyPath":"HKLM\\SOFTWARE\\Microsoft\\Windows\\CurrentVersion\\Policies\\System","valueName":"ConsentPromptBehaviorUser","valueData":{"DWord":3}},"changedProperties":null}},{"metadata":{"Microsoft.DSC":{"duration":"PT0.0584263S"}},"name":"ShowFileExtensions","type":"Microsoft.Windows/Registry","result":{"beforeState":{"keyPath":"HKCU\\Software\\Microsoft\\Windows\\CurrentVersion\\Explorer\\Advanced","valueName":"HideFileExt","valueData":{"DWord":1}},"afterState":{"keyPath":"HKCU\\Software\\Microsoft\\Windows\\CurrentVersion\\Explorer\\Advanced","valueName":"HideFileExt","valueData":{"DWord":0}},"changedProperties":["valueData"]}},{"metadata":{"Microsoft.DSC":{"duration":"PT0.0574315S"}},"name":"DisableWpnUserService","type":"Microsoft.Windows/Registry","result":{"beforeState":{"keyPath":"HKLM\\System\\CurrentControlSet\\Services\\WpnUserService","valueName":"Start","valueData":{"DWord":2}},"afterState":{"keyPath":"HKLM\\System\\CurrentControlSet\\Services\\WpnUserService","valueName":"Start","valueData":{"DWord":4}},"changedProperties":["valueData"]}},{"metadata":{"Microsoft.DSC":{"duration":"PT0.057415S"}},"name":"DisablePushNotifications","type":"Microsoft.Windows/Registry","result":{"beforeState":{"keyPath":"HKLM\\Software\\Policies\\Microsoft\\Windows\\CurrentVersion\\PushNotifications","_exist":false},"afterState":{"keyPath":"HKLM\\Software\\Policies\\Microsoft\\Windows\\CurrentVersion\\PushNotifications","valueName":"NoTileApplicationNotification","valueData":{"DWord":1}},"changedProperties":["valueName","valueData","_exist"]}},{"metadata":{"Microsoft.DSC":{"duration":"PT0.0571687S"}},"name":"ConfigureSuperFetch","type":"Microsoft.Windows/Registry","result":{"beforeState":{"keyPath":"HKLM\\SYSTEM\\CurrentControlSet\\Control\\Session Manager\\Memory Management\\PrefetchParameters","valueName":"EnableSuperfetch","_exist":false},"afterState":{"keyPath":"HKLM\\SYSTEM\\CurrentControlSet\\Control\\Session Manager\\Memory Management\\PrefetchParameters","valueName":"EnableSuperfetch","valueData":{"DWord":3}},"changedProperties":["valueData","_exist"]}},{"metadata":{"Microsoft.DSC":{"duration":"PT0.0575346S"}},"name":"TargetedReleaseversion","type":"Microsoft.Windows/Registry","result":{"beforeState":{"keyPath":"HKLM\\SOFTWARE\\Policies\\Microsoft\\Windows\\WindowsUpdate","_exist":false},"afterState":{"keyPath":"HKLM\\SOFTWARE\\Policies\\Microsoft\\Windows\\WindowsUpdate","valueName":"TargetReleaseVersion","valueData":{"DWord":1}},"changedProperties":["valueName","valueData","_exist"]}},{"metadata":{"Microsoft.DSC":{"duration":"PT0.0568955S"}},"name":"TargetedReleaseversionInfo","type":"Microsoft.Windows/Registry","result":{"beforeState":{"keyPath":"HKLM\\SOFTWARE\\Policies\\Microsoft\\Windows\\WindowsUpdate","valueName":"TargetReleaseVersionInfo","_exist":false},"afterState":{"keyPath":"HKLM\\SOFTWARE\\Policies\\Microsoft\\Windows\\WindowsUpdate","valueName":"TargetReleaseVersionInfo","valueData":{"String":"24H2"}},"changedProperties":["valueData","_exist"]}},{"metadata":{"Microsoft.DSC":{"duration":"PT0.0566804S"}},"name":"TargetReleaseProductVersion","type":"Microsoft.Windows/Registry","result":{"beforeState":{"keyPath":"HKLM\\SOFTWARE\\Policies\\Microsoft\\Windows\\WindowsUpdate","valueName":"ProductVersion","_exist":false},"afterState":{"keyPath":"HKLM\\SOFTWARE\\Policies\\Microsoft\\Windows\\WindowsUpdate","valueName":"ProductVersion","valueData":{"String":"Windows 11"}},"changedProperties":["valueData","_exist"]}}],"messages":[],"hadErrors":false}
2025-08-27 09:07:46 [SUMMARY] Baseline configuration applied successfully
2025-08-27 09:07:46 [INFO] Deleted file: C:\Users\advadmin\AppData\Local\Temp\.net\WS.Setup.UI\hNWfTm79rpxvEoKXzE_kld05U1Muvwo=\WSConfig.yml
2025-08-27 09:09:05 [INFO] Beginning uninstall: Dell Command | Update for Windows Universal
2025-08-27 09:09:05 [INFO] Phase 1: Stopping processes…
2025-08-27 09:09:06 [INFO] Stopped services and processes
2025-08-27 09:09:06 [INFO] Phase 2: Running silent uninstall
2025-08-27 09:09:06 [DEBUG] Executing command: "MsiExec.exe" /qn /norestart /X{80CD6F92-0902-48BE-9E8C-255B44E688FB}
2025-08-27 09:09:39 [INFO] Silent uninstall exited with code 0
2025-08-27 09:09:39 [INFO] Completed uninstall: Dell Command | Update for Windows Universal
2025-08-27 09:09:39 [INFO] Beginning uninstall: Dell Core Services
2025-08-27 09:09:39 [INFO] Phase 1: Stopping processes…
2025-08-27 09:09:40 [INFO] Stopped services and processes
2025-08-27 09:09:40 [INFO] Phase 2: Running silent uninstall
2025-08-27 09:09:40 [DEBUG] Executing command: "MsiExec.exe" /qn /norestart /I{5BD28C1E-9623-4005-83E0-87A0FE88B6F1}
2025-08-27 09:10:34 [INFO] Silent uninstall exited with code 0
2025-08-27 09:10:34 [WARN] Phase 3: Fallback to force‐delete
2025-08-27 09:10:34 [INFO] Force‐delete completed
2025-08-27 09:10:34 [INFO] Completed uninstall: Dell Core Services
2025-08-27 09:10:34 [INFO] Beginning uninstall: Dell Optimizer
2025-08-27 09:10:34 [INFO] Phase 1: Stopping processes…
2025-08-27 09:10:34 [INFO] Stopped services and processes
2025-08-27 09:10:34 [INFO] Phase 2: Running silent uninstall
2025-08-27 09:10:34 [DEBUG] Executing command: "MsiExec.exe" /qn /norestart /I{F3E12CDF-B329-488D-B335-E2D99F805C9A}
2025-08-27 09:11:21 [WARN] Silent uninstall exited with code 1603
2025-08-27 09:11:21 [WARN] Phase 3: Fallback to force‐delete
2025-08-27 09:11:21 [INFO] Force‐delete completed
2025-08-27 09:11:21 [INFO] Completed uninstall: Dell Optimizer
2025-08-27 09:11:21 [INFO] Beginning uninstall: Dell Optimizer
2025-08-27 09:11:21 [INFO] Phase 1: Stopping processes…
2025-08-27 09:11:21 [INFO] Stopped services and processes
2025-08-27 09:11:21 [INFO] Phase 2: Running silent uninstall
2025-08-27 09:11:21 [DEBUG] Executing command: "C:\Program" /VERYSILENT /SUPPRESSMSGBOXES /S Files (x86)\InstallShield Installation Information\{CC40119D-6ADF-4832-8025-4808195E41D5}\DellOptimizer.exe" -remove -runfromtemp
2025-08-27 09:11:21 [ERROR] Exception during uninstall: An error occurred trying to start process '"C:\Program"' with working directory 'C:\Working'. The system cannot find the file specified.
2025-08-27 09:11:21 [INFO] Beginning uninstall: Dell SupportAssist
2025-08-27 09:11:21 [INFO] Phase 1: Stopping processes…
2025-08-27 09:11:21 [INFO] Stopped services and processes
2025-08-27 09:11:21 [INFO] Phase 2: Running silent uninstall
2025-08-27 09:11:21 [DEBUG] Executing command: "MsiExec.exe" /qn /norestart /X{396C54DB-3C24-4AD5-B514-F9FCEC2B7637}
2025-08-27 09:13:35 [INFO] Silent uninstall exited with code 0
2025-08-27 09:13:35 [INFO] Completed uninstall: Dell SupportAssist
2025-08-27 09:13:35 [INFO] Beginning uninstall: Dell SupportAssist OS Recovery Plugin for Dell Update
2025-08-27 09:13:35 [INFO] Phase 1: Stopping processes…
2025-08-27 09:13:35 [INFO] Stopped services and processes
2025-08-27 09:13:35 [INFO] Phase 2: Running silent uninstall
2025-08-27 09:13:35 [DEBUG] Executing command: "MsiExec.exe" /qn /norestart /I{BC0F57A2-F6A7-4EFF-A659-81D9C953DE6A}
2025-08-27 09:13:41 [INFO] Silent uninstall exited with code 0
2025-08-27 09:13:41 [WARN] Phase 3: Fallback to force‐delete
2025-08-27 09:13:41 [INFO] Force‐delete completed
2025-08-27 09:13:41 [INFO] Completed uninstall: Dell SupportAssist OS Recovery Plugin for Dell Update
2025-08-27 09:13:41 [INFO] Beginning uninstall: Dell SupportAssist OS Recovery Plugin for Dell Update
2025-08-27 09:13:41 [INFO] Phase 1: Stopping processes…
2025-08-27 09:13:41 [INFO] Stopped services and processes
2025-08-27 09:13:41 [INFO] Phase 2: Running silent uninstall
2025-08-27 09:13:41 [DEBUG] Executing command: "C:\ProgramData\Package" /VERYSILENT /SUPPRESSMSGBOXES /S Cache\{0a5aa116-8736-4571-b49d-739020affb16}\DellUpdateSupportAssistPlugin.exe"  /uninstall
2025-08-27 09:13:41 [ERROR] Exception during uninstall: An error occurred trying to start process '"C:\ProgramData\Package"' with working directory 'C:\Working'. The system cannot find the file specified.
2025-08-27 09:13:41 [INFO] Beginning uninstall: Dell SupportAssist Remediation
2025-08-27 09:13:41 [INFO] Phase 1: Stopping processes…
2025-08-27 09:13:41 [INFO] Stopped services and processes
2025-08-27 09:13:41 [INFO] Phase 2: Running silent uninstall
2025-08-27 09:13:41 [DEBUG] Executing command: "MsiExec.exe" /qn /norestart /I{5B654523-3D00-4AB9-BDA4-B2B89EE56753}
2025-08-27 09:13:47 [INFO] Silent uninstall exited with code 0
2025-08-27 09:13:47 [WARN] Phase 3: Fallback to force‐delete
2025-08-27 09:13:47 [INFO] Force‐delete completed
2025-08-27 09:13:47 [INFO] Completed uninstall: Dell SupportAssist Remediation
2025-08-27 09:13:47 [INFO] Beginning uninstall: Dell SupportAssist Remediation
2025-08-27 09:13:47 [INFO] Phase 1: Stopping processes…
2025-08-27 09:13:47 [INFO] Stopped services and processes
2025-08-27 09:13:47 [INFO] Phase 2: Running silent uninstall
2025-08-27 09:13:47 [DEBUG] Executing command: "C:\ProgramData\Package" /VERYSILENT /SUPPRESSMSGBOXES /S Cache\{3b2a5988-f8a0-4978-8aa6-7f0a2da591ea}\DellSupportAssistRemediationServiceInstaller.exe"  /uninstall
2025-08-27 09:13:47 [ERROR] Exception during uninstall: An error occurred trying to start process '"C:\ProgramData\Package"' with working directory 'C:\Working'. The system cannot find the file specified.
2025-08-27 09:13:47 [INFO] Beginning uninstall: Dell Trusted Device
2025-08-27 09:13:47 [INFO] Phase 1: Stopping processes…
2025-08-27 09:13:47 [INFO] Stopped services and processes
2025-08-27 09:13:47 [INFO] Phase 2: Running silent uninstall
2025-08-27 09:13:47 [DEBUG] Executing command: "MsiExec.exe" /qn /norestart /I{0EEF7F3D-44F9-453A-9F6F-CB3B367812BE}
2025-08-27 09:13:53 [WARN] Silent uninstall exited with code 1603
2025-08-27 09:13:53 [WARN] Phase 3: Fallback to force‐delete
2025-08-27 09:13:53 [INFO] Force‐delete completed
2025-08-27 09:13:53 [INFO] Completed uninstall: Dell Trusted Device
2025-08-27 09:13:53 [INFO] Beginning uninstall: Dell Watchdog Timer
2025-08-27 09:13:53 [INFO] Phase 1: Stopping processes…
2025-08-27 09:13:53 [INFO] Stopped services and processes
2025-08-27 09:13:53 [INFO] Phase 2: Running silent uninstall
2025-08-27 09:13:53 [DEBUG] Executing command: "C:\Program" /VERYSILENT /SUPPRESSMSGBOXES /S Files (x86)\InstallShield Installation Information\{2F3E37A4-8F48-465A-813B-1F2964DBEB6A}\setup.exe" -runfromtemp -l0x0409  -removeonly
2025-08-27 09:13:53 [ERROR] Exception during uninstall: An error occurred trying to start process '"C:\Program"' with working directory 'C:\Working'. The system cannot find the file specified.
2025-08-27 09:13:53 [INFO] Beginning uninstall: Dell.Digital.Delivery-64Bit
2025-08-27 09:13:53 [INFO] Phase 1: Stopping processes…
2025-08-27 09:13:53 [INFO] Stopped services and processes
2025-08-27 09:13:53 [INFO] Phase 2: Running silent uninstall
2025-08-27 09:13:53 [DEBUG] Executing command: "MsiExec.exe" /qn /norestart /X{E5F67BCB-172C-4A90-A81A-9239BA77CDD1}
2025-08-27 09:13:58 [INFO] Silent uninstall exited with code 0
2025-08-27 09:13:58 [WARN] Phase 3: Fallback to force‐delete
2025-08-27 09:13:58 [INFO] Force‐delete completed
2025-08-27 09:13:58 [INFO] Completed uninstall: Dell.Digital.Delivery-64Bit
2025-08-27 09:14:36 [INFO] Starting OEM stubborn app removal…
2025-08-27 09:14:36 [INFO] [OEM Removal] Attempting uninstall: Dell Optimizer
2025-08-27 09:14:36 [ERROR] OEM removal error: Executable not found
2025-08-27 09:14:46 [INFO] Beginning uninstall: Dell Optimizer
2025-08-27 09:14:46 [INFO] Phase 1: Stopping processes…
2025-08-27 09:14:46 [INFO] Stopped services and processes
2025-08-27 09:14:46 [INFO] Phase 2: Running silent uninstall
2025-08-27 09:14:46 [DEBUG] Executing command: "C:\Program" /VERYSILENT /SUPPRESSMSGBOXES /S Files (x86)\InstallShield Installation Information\{CC40119D-6ADF-4832-8025-4808195E41D5}\DellOptimizer.exe" -remove -runfromtemp
2025-08-27 09:14:46 [ERROR] Exception during uninstall: An error occurred trying to start process '"C:\Program"' with working directory 'C:\Working'. The system cannot find the file specified.
2025-08-27 09:14:46 [INFO] Beginning uninstall: Dell SupportAssist OS Recovery Plugin for Dell Update
2025-08-27 09:14:46 [INFO] Phase 1: Stopping processes…
2025-08-27 09:14:46 [INFO] Stopped services and processes
2025-08-27 09:14:46 [INFO] Phase 2: Running silent uninstall
2025-08-27 09:14:46 [DEBUG] Executing command: "C:\ProgramData\Package" /VERYSILENT /SUPPRESSMSGBOXES /S Cache\{0a5aa116-8736-4571-b49d-739020affb16}\DellUpdateSupportAssistPlugin.exe"  /uninstall
2025-08-27 09:14:46 [ERROR] Exception during uninstall: An error occurred trying to start process '"C:\ProgramData\Package"' with working directory 'C:\Working'. The system cannot find the file specified.
2025-08-27 09:14:46 [INFO] Beginning uninstall: Dell SupportAssist Remediation
2025-08-27 09:14:46 [INFO] Phase 1: Stopping processes…
2025-08-27 09:14:46 [INFO] Stopped services and processes
2025-08-27 09:14:46 [INFO] Phase 2: Running silent uninstall
2025-08-27 09:14:46 [DEBUG] Executing command: "C:\ProgramData\Package" /VERYSILENT /SUPPRESSMSGBOXES /S Cache\{3b2a5988-f8a0-4978-8aa6-7f0a2da591ea}\DellSupportAssistRemediationServiceInstaller.exe"  /uninstall
2025-08-27 09:14:46 [ERROR] Exception during uninstall: An error occurred trying to start process '"C:\ProgramData\Package"' with working directory 'C:\Working'. The system cannot find the file specified.
2025-08-27 09:14:46 [INFO] Beginning uninstall: Dell Watchdog Timer
2025-08-27 09:14:46 [INFO] Phase 1: Stopping processes…
2025-08-27 09:14:46 [INFO] Stopped services and processes
2025-08-27 09:14:46 [INFO] Phase 2: Running silent uninstall
2025-08-27 09:14:46 [DEBUG] Executing command: "C:\Program" /VERYSILENT /SUPPRESSMSGBOXES /S Files (x86)\InstallShield Installation Information\{2F3E37A4-8F48-465A-813B-1F2964DBEB6A}\setup.exe" -runfromtemp -l0x0409  -removeonly
2025-08-27 09:14:46 [ERROR] Exception during uninstall: An error occurred trying to start process '"C:\Program"' with working directory 'C:\Working'. The system cannot find the file specified.
2025-08-27 09:14:55 [INFO] Starting OEM stubborn app removal…
2025-08-27 09:14:55 [INFO] [OEM Removal] Attempting uninstall: Dell Optimizer
2025-08-27 09:14:55 [ERROR] OEM removal error: Executable not found
